# JRE version: OpenJDK Runtime Environment (8.0_292-b10) (build 1.8.0_292-8u292-b10-0ubuntu1~20.04-b10)
# Java VM: OpenJDK 64-Bit Server VM (25.292-b10 mixed mode linux-amd64 compressed oops)
Heap:
 PSYoungGen      total 554496K, used 313146K [0x00000000d7300000, 0x00000000faa80000, 0x0000000100000000)
  eden space 543232K, 57% used [0x00000000d7300000,0x00000000ea4ceb40,0x00000000f8580000)
  from space 11264K, 0% used [0x00000000f9f80000,0x00000000f9f80000,0x00000000faa80000)
  to   space 18944K, 0% used [0x00000000f8580000,0x00000000f8580000,0x00000000f9800000)
 ParOldGen       total 99840K, used 26895K [0x0000000085800000, 0x000000008b980000, 0x00000000d7300000)
  object space 99840K, 26% used [0x0000000085800000,0x0000000087243f30,0x000000008b980000)
 Metaspace       used 69619K, capacity 73370K, committed 73560K, reserved 1112064K
  class space    used 9674K, capacity 10328K, committed 10368K, reserved 1048576K
GC Heap History (10 events):
Event: 3,934 GC heap before
{Heap before GC invocations=13 (full 2):
 PSYoungGen      total 346112K, used 335543K [0x00000000d7300000, 0x00000000eda00000, 0x0000000100000000)
  eden space 332800K, 100% used [0x00000000d7300000,0x00000000eb800000,0x00000000eb800000)
  from space 13312K, 20% used [0x00000000ec500000,0x00000000ec7adf20,0x00000000ed200000)
  to   space 13312K, 0% used [0x00000000eb800000,0x00000000eb800000,0x00000000ec500000)
 ParOldGen       total 72704K, used 19462K [0x0000000085800000, 0x0000000089f00000, 0x00000000d7300000)
  object space 72704K, 26% used [0x0000000085800000,0x0000000086b01908,0x0000000089f00000)
 Metaspace       used 34940K, capacity 37088K, committed 37248K, reserved 1081344K
  class space    used 4712K, capacity 5128K, committed 5248K, reserved 1048576K
Event: 3,937 GC heap after
Heap after GC invocations=13 (full 2):
 PSYoungGen      total 346112K, used 704K [0x00000000d7300000, 0x00000000f3f80000, 0x0000000100000000)
  eden space 332800K, 0% used [0x00000000d7300000,0x00000000d7300000,0x00000000eb800000)
  from space 13312K, 5% used [0x00000000eb800000,0x00000000eb8b0000,0x00000000ec500000)
  to   space 13312K, 0% used [0x00000000f3280000,0x00000000f3280000,0x00000000f3f80000)
 ParOldGen       total 72704K, used 20539K [0x0000000085800000, 0x0000000089f00000, 0x00000000d7300000)
  object space 72704K, 28% used [0x0000000085800000,0x0000000086c0eef8,0x0000000089f00000)
 Metaspace       used 34940K, capacity 37088K, committed 37248K, reserved 1081344K
  class space    used 4712K, capacity 5128K, committed 5248K, reserved 1048576K
}
Event: 4,467 GC heap before
{Heap before GC invocations=14 (full 2):
 PSYoungGen      total 346112K, used 333504K [0x00000000d7300000, 0x00000000f3f80000, 0x0000000100000000)
  eden space 332800K, 100% used [0x00000000d7300000,0x00000000eb800000,0x00000000eb800000)
  from space 13312K, 5% used [0x00000000eb800000,0x00000000eb8b0000,0x00000000ec500000)
  to   space 13312K, 0% used [0x00000000f3280000,0x00000000f3280000,0x00000000f3f80000)
 ParOldGen       total 72704K, used 20539K [0x0000000085800000, 0x0000000089f00000, 0x00000000d7300000)
  object space 72704K, 28% used [0x0000000085800000,0x0000000086c0eef8,0x0000000089f00000)
 Metaspace       used 34940K, capacity 37088K, committed 37248K, reserved 1081344K
  class space    used 4712K, capacity 5128K, committed 5248K, reserved 1048576K
Event: 4,470 GC heap after
Heap after GC invocations=14 (full 2):
 PSYoungGen      total 433664K, used 768K [0x00000000d7300000, 0x00000000f3380000, 0x0000000100000000)
  eden space 432640K, 0% used [0x00000000d7300000,0x00000000d7300000,0x00000000f1980000)
  from space 1024K, 75% used [0x00000000f3280000,0x00000000f3340000,0x00000000f3380000)
  to   space 13312K, 0% used [0x00000000f1980000,0x00000000f1980000,0x00000000f2680000)
 ParOldGen       total 72704K, used 20587K [0x0000000085800000, 0x0000000089f00000, 0x00000000d7300000)
  object space 72704K, 28% used [0x0000000085800000,0x0000000086c1aef8,0x0000000089f00000)
 Metaspace       used 34940K, capacity 37088K, committed 37248K, reserved 1081344K
  class space    used 4712K, capacity 5128K, committed 5248K, reserved 1048576K
}
Event: 5,785 GC heap before
{Heap before GC invocations=15 (full 2):
 PSYoungGen      total 433664K, used 433408K [0x00000000d7300000, 0x00000000f3380000, 0x0000000100000000)
  eden space 432640K, 100% used [0x00000000d7300000,0x00000000f1980000,0x00000000f1980000)
  from space 1024K, 75% used [0x00000000f3280000,0x00000000f3340000,0x00000000f3380000)
  to   space 13312K, 0% used [0x00000000f1980000,0x00000000f1980000,0x00000000f2680000)
 ParOldGen       total 72704K, used 20587K [0x0000000085800000, 0x0000000089f00000, 0x00000000d7300000)
  object space 72704K, 28% used [0x0000000085800000,0x0000000086c1aef8,0x0000000089f00000)
 Metaspace       used 48211K, capacity 50420K, committed 50560K, reserved 1093632K
  class space    used 6588K, capacity 7012K, committed 7040K, reserved 1048576K
Event: 5,800 GC heap after
Heap after GC invocations=15 (full 2):
 PSYoungGen      total 445952K, used 13300K [0x00000000d7300000, 0x00000000fb280000, 0x0000000100000000)
  eden space 432640K, 0% used [0x00000000d7300000,0x00000000d7300000,0x00000000f1980000)
  from space 13312K, 99% used [0x00000000f1980000,0x00000000f267d138,0x00000000f2680000)
  to   space 19456K, 0% used [0x00000000f9f80000,0x00000000f9f80000,0x00000000fb280000)
 ParOldGen       total 72704K, used 30719K [0x0000000085800000, 0x0000000089f00000, 0x00000000d7300000)
  object space 72704K, 42% used [0x0000000085800000,0x00000000875ffd58,0x0000000089f00000)
 Metaspace       used 48211K, capacity 50420K, committed 50560K, reserved 1093632K
  class space    used 6588K, capacity 7012K, committed 7040K, reserved 1048576K
}
Event: 6,308 GC heap before
{Heap before GC invocations=16 (full 2):
 PSYoungGen      total 445952K, used 133612K [0x00000000d7300000, 0x00000000fb280000, 0x0000000100000000)
  eden space 432640K, 27% used [0x00000000d7300000,0x00000000de87e160,0x00000000f1980000)
  from space 13312K, 99% used [0x00000000f1980000,0x00000000f267d138,0x00000000f2680000)
  to   space 19456K, 0% used [0x00000000f9f80000,0x00000000f9f80000,0x00000000fb280000)
 ParOldGen       total 72704K, used 30719K [0x0000000085800000, 0x0000000089f00000, 0x00000000d7300000)
  object space 72704K, 42% used [0x0000000085800000,0x00000000875ffd58,0x0000000089f00000)
 Metaspace       used 56516K, capacity 58852K, committed 59096K, reserved 1099776K
  class space    used 7914K, capacity 8344K, committed 8448K, reserved 1048576K
Event: 6,317 GC heap after
Heap after GC invocations=16 (full 2):
 PSYoungGen      total 554496K, used 8829K [0x00000000d7300000, 0x00000000faa80000, 0x0000000100000000)
  eden space 543232K, 0% used [0x00000000d7300000,0x00000000d7300000,0x00000000f8580000)
  from space 11264K, 78% used [0x00000000f9f80000,0x00000000fa81f718,0x00000000faa80000)
  to   space 18944K, 0% used [0x00000000f8580000,0x00000000f8580000,0x00000000f9800000)
 ParOldGen       total 72704K, used 35646K [0x0000000085800000, 0x0000000089f00000, 0x00000000d7300000)
  object space 72704K, 49% used [0x0000000085800000,0x0000000087acf8a8,0x0000000089f00000)
 Metaspace       used 56516K, capacity 58852K, committed 59096K, reserved 1099776K
  class space    used 7914K, capacity 8344K, committed 8448K, reserved 1048576K
}
Event: 6,317 GC heap before
{Heap before GC invocations=17 (full 3):
 PSYoungGen      total 554496K, used 8829K [0x00000000d7300000, 0x00000000faa80000, 0x0000000100000000)
  eden space 543232K, 0% used [0x00000000d7300000,0x00000000d7300000,0x00000000f8580000)
  from space 11264K, 78% used [0x00000000f9f80000,0x00000000fa81f718,0x00000000faa80000)
  to   space 18944K, 0% used [0x00000000f8580000,0x00000000f8580000,0x00000000f9800000)
 ParOldGen       total 72704K, used 35646K [0x0000000085800000, 0x0000000089f00000, 0x00000000d7300000)
  object space 72704K, 49% used [0x0000000085800000,0x0000000087acf8a8,0x0000000089f00000)
 Metaspace       used 56516K, capacity 58852K, committed 59096K, reserved 1099776K
  class space    used 7914K, capacity 8344K, committed 8448K, reserved 1048576K
Event: 6,415 GC heap after
Heap after GC invocations=17 (full 3):
 PSYoungGen      total 554496K, used 0K [0x00000000d7300000, 0x00000000faa80000, 0x0000000100000000)
  eden space 543232K, 0% used [0x00000000d7300000,0x00000000d7300000,0x00000000f8580000)
  from space 11264K, 0% used [0x00000000f9f80000,0x00000000f9f80000,0x00000000faa80000)
  to   space 18944K, 0% used [0x00000000f8580000,0x00000000f8580000,0x00000000f9800000)
 ParOldGen       total 99840K, used 26895K [0x0000000085800000, 0x000000008b980000, 0x00000000d7300000)
  object space 99840K, 26% used [0x0000000085800000,0x0000000087243f30,0x000000008b980000)
 Metaspace       used 56516K, capacity 58852K, committed 59096K, reserved 1099776K
  class space    used 7914K, capacity 8344K, committed 8448K, reserved 1048576K
}

